[2025-03-13T13:35:01.736+0000] {local_task_job_runner.py:123} INFO - ::group::Pre task execution logs
[2025-03-13T13:35:01.776+0000] {taskinstance.py:2614} INFO - Dependencies all met for dep_context=non-requeueable deps ti=<TaskInstance: budapest_weather_email.weather_extract manual__2025-03-11T22:16:33.319975+00:00 [queued]>
[2025-03-13T13:35:01.794+0000] {taskinstance.py:2614} INFO - Dependencies all met for dep_context=requeueable deps ti=<TaskInstance: budapest_weather_email.weather_extract manual__2025-03-11T22:16:33.319975+00:00 [queued]>
[2025-03-13T13:35:01.796+0000] {taskinstance.py:2867} INFO - Starting attempt 12 of 12
[2025-03-13T13:35:01.824+0000] {taskinstance.py:2890} INFO - Executing <Task(_PythonDecoratedOperator): weather_extract> on 2025-03-11 22:16:33.319975+00:00
[2025-03-13T13:35:01.839+0000] {warnings.py:112} WARNING - /home/***/.local/lib/python3.12/site-packages/***/task/task_runner/standard_task_runner.py:70: DeprecationWarning: This process (pid=960) is multi-threaded, use of fork() may lead to deadlocks in the child.
  pid = os.fork()

[2025-03-13T13:35:01.842+0000] {standard_task_runner.py:72} INFO - Started process 963 to run task
[2025-03-13T13:35:01.843+0000] {standard_task_runner.py:104} INFO - Running: ['***', 'tasks', 'run', 'budapest_weather_email', 'weather_extract', 'manual__2025-03-11T22:16:33.319975+00:00', '--job-id', '101', '--raw', '--subdir', 'DAGS_FOLDER/budapest_weather_email.py', '--cfg-path', '/tmp/tmpdeetxs64']
[2025-03-13T13:35:01.847+0000] {standard_task_runner.py:105} INFO - Job 101: Subtask weather_extract
[2025-03-13T13:35:01.943+0000] {task_command.py:467} INFO - Running <TaskInstance: budapest_weather_email.weather_extract manual__2025-03-11T22:16:33.319975+00:00 [running]> on host c38876581fe7
[2025-03-13T13:35:02.173+0000] {taskinstance.py:3134} INFO - Exporting env vars: AIRFLOW_CTX_DAG_OWNER='***' AIRFLOW_CTX_DAG_ID='budapest_weather_email' AIRFLOW_CTX_TASK_ID='weather_extract' AIRFLOW_CTX_EXECUTION_DATE='2025-03-11T22:16:33.319975+00:00' AIRFLOW_CTX_TRY_NUMBER='12' AIRFLOW_CTX_DAG_RUN_ID='manual__2025-03-11T22:16:33.319975+00:00'
[2025-03-13T13:35:02.176+0000] {logging_mixin.py:190} INFO - Task instance is in running state
[2025-03-13T13:35:02.177+0000] {logging_mixin.py:190} INFO -  Previous state of the Task instance: queued
[2025-03-13T13:35:02.179+0000] {logging_mixin.py:190} INFO - Current task name:weather_extract state:running start_date:2025-03-13 13:35:01.778142+00:00
[2025-03-13T13:35:02.180+0000] {logging_mixin.py:190} INFO - Dag name:budapest_weather_email and current dag run status:running
[2025-03-13T13:35:02.181+0000] {taskinstance.py:732} INFO - ::endgroup::
[2025-03-13T13:35:02.336+0000] {python.py:240} INFO - Done. Returned value was: {"date":{"0":"03\/13\/2025_00","1":"03\/13\/2025_01","2":"03\/13\/2025_02","3":"03\/13\/2025_03","4":"03\/13\/2025_04","5":"03\/13\/2025_05","6":"03\/13\/2025_06","7":"03\/13\/2025_07","8":"03\/13\/2025_08","9":"03\/13\/2025_09","10":"03\/13\/2025_10","11":"03\/13\/2025_11","12":"03\/13\/2025_12","13":"03\/13\/2025_13","14":"03\/13\/2025_14","15":"03\/13\/2025_15","16":"03\/13\/2025_16","17":"03\/13\/2025_17","18":"03\/13\/2025_18","19":"03\/13\/2025_19","20":"03\/13\/2025_20","21":"03\/13\/2025_21","22":"03\/13\/2025_22","23":"03\/13\/2025_23"},"apparent_temperature":{"0":13.0207595825,"1":13.312171936,"2":11.6810312271,"3":11.5348806381,"4":10.7772397995,"5":11.1571550369,"6":12.1671142578,"7":11.3306560516,"8":10.5308589935,"9":10.8117275238,"10":11.5646934509,"11":11.7619018555,"12":11.4375076294,"13":10.9275255203,"14":10.8176116943,"15":11.4486989975,"16":10.9111328125,"17":11.0700244904,"18":10.9109315872,"19":10.4260158539,"20":9.4033317566,"21":8.7155265808,"22":8.29459095,"23":7.3413162231}}
[2025-03-13T13:35:02.398+0000] {taskinstance.py:341} INFO - ::group::Post task execution logs
[2025-03-13T13:35:02.400+0000] {taskinstance.py:353} INFO - Marking task as SUCCESS. dag_id=budapest_weather_email, task_id=weather_extract, run_id=manual__2025-03-11T22:16:33.319975+00:00, execution_date=20250311T221633, start_date=20250313T133501, end_date=20250313T133502
[2025-03-13T13:35:02.467+0000] {logging_mixin.py:190} INFO - Task instance in success state
[2025-03-13T13:35:02.469+0000] {logging_mixin.py:190} INFO -  Previous state of the Task instance: running
[2025-03-13T13:35:02.470+0000] {logging_mixin.py:190} INFO - Dag name:budapest_weather_email queued_at:2025-03-13 13:34:57.339742+00:00
[2025-03-13T13:35:02.471+0000] {logging_mixin.py:190} INFO - Task hostname:c38876581fe7 operator:_PythonDecoratedOperator
[2025-03-13T13:35:02.503+0000] {local_task_job_runner.py:266} INFO - Task exited with return code 0
[2025-03-13T13:35:02.529+0000] {local_task_job_runner.py:245} INFO - ::endgroup::
