[2025-03-12T22:25:07.011+0000] {local_task_job_runner.py:123} INFO - ::group::Pre task execution logs
[2025-03-12T22:25:07.031+0000] {taskinstance.py:2614} INFO - Dependencies all met for dep_context=non-requeueable deps ti=<TaskInstance: budapest_weather_email.weather_extract manual__2025-03-11T22:16:33.319975+00:00 [queued]>
[2025-03-12T22:25:07.040+0000] {taskinstance.py:2614} INFO - Dependencies all met for dep_context=requeueable deps ti=<TaskInstance: budapest_weather_email.weather_extract manual__2025-03-11T22:16:33.319975+00:00 [queued]>
[2025-03-12T22:25:07.041+0000] {taskinstance.py:2867} INFO - Starting attempt 8 of 8
[2025-03-12T22:25:07.055+0000] {taskinstance.py:2890} INFO - Executing <Task(_PythonDecoratedOperator): weather_extract> on 2025-03-11 22:16:33.319975+00:00
[2025-03-12T22:25:07.064+0000] {warnings.py:112} WARNING - /home/***/.local/lib/python3.12/site-packages/***/task/task_runner/standard_task_runner.py:70: DeprecationWarning: This process (pid=398) is multi-threaded, use of fork() may lead to deadlocks in the child.
  pid = os.fork()

[2025-03-12T22:25:07.065+0000] {standard_task_runner.py:72} INFO - Started process 402 to run task
[2025-03-12T22:25:07.066+0000] {standard_task_runner.py:104} INFO - Running: ['***', 'tasks', 'run', 'budapest_weather_email', 'weather_extract', 'manual__2025-03-11T22:16:33.319975+00:00', '--job-id', '87', '--raw', '--subdir', 'DAGS_FOLDER/budapest_weather_email.py', '--cfg-path', '/tmp/tmpp23nc57s']
[2025-03-12T22:25:07.067+0000] {standard_task_runner.py:105} INFO - Job 87: Subtask weather_extract
[2025-03-12T22:25:07.126+0000] {task_command.py:467} INFO - Running <TaskInstance: budapest_weather_email.weather_extract manual__2025-03-11T22:16:33.319975+00:00 [running]> on host c38876581fe7
[2025-03-12T22:25:07.235+0000] {taskinstance.py:3134} INFO - Exporting env vars: AIRFLOW_CTX_DAG_OWNER='***' AIRFLOW_CTX_DAG_ID='budapest_weather_email' AIRFLOW_CTX_TASK_ID='weather_extract' AIRFLOW_CTX_EXECUTION_DATE='2025-03-11T22:16:33.319975+00:00' AIRFLOW_CTX_TRY_NUMBER='8' AIRFLOW_CTX_DAG_RUN_ID='manual__2025-03-11T22:16:33.319975+00:00'
[2025-03-12T22:25:07.237+0000] {logging_mixin.py:190} INFO - Task instance is in running state
[2025-03-12T22:25:07.238+0000] {logging_mixin.py:190} INFO -  Previous state of the Task instance: queued
[2025-03-12T22:25:07.238+0000] {logging_mixin.py:190} INFO - Current task name:weather_extract state:running start_date:2025-03-12 22:25:07.032002+00:00
[2025-03-12T22:25:07.239+0000] {logging_mixin.py:190} INFO - Dag name:budapest_weather_email and current dag run status:running
[2025-03-12T22:25:07.239+0000] {taskinstance.py:732} INFO - ::endgroup::
[2025-03-12T22:25:07.372+0000] {python.py:240} INFO - Done. Returned value was: {"date":{"0":"03\/12\/2025_00","1":"03\/12\/2025_01","2":"03\/12\/2025_02","3":"03\/12\/2025_03","4":"03\/12\/2025_04","5":"03\/12\/2025_05","6":"03\/12\/2025_06","7":"03\/12\/2025_07","8":"03\/12\/2025_08","9":"03\/12\/2025_09","10":"03\/12\/2025_10","11":"03\/12\/2025_11","12":"03\/12\/2025_12","13":"03\/12\/2025_13","14":"03\/12\/2025_14","15":"03\/12\/2025_15","16":"03\/12\/2025_16","17":"03\/12\/2025_17","18":"03\/12\/2025_18","19":"03\/12\/2025_19","20":"03\/12\/2025_20","21":"03\/12\/2025_21","22":"03\/12\/2025_22","23":"03\/12\/2025_23"},"apparent_temperature":{"0":7.6184244156,"1":8.3563671112,"2":7.5145397186,"3":7.2507839203,"4":6.6012010574,"5":5.7628326416,"6":6.0375776291,"7":6.2334194183,"8":7.2163066864,"9":9.4558315277,"10":12.1158866882,"11":13.4138889313,"12":13.4455795288,"13":14.271112442,"14":14.9052562714,"15":15.6475257874,"16":16.2827281952,"17":15.5549430847,"18":14.8789787292,"19":14.2399806976,"20":12.1901473999,"21":12.2840633392,"22":10.6510429382,"23":12.7357406616}}
[2025-03-12T22:25:07.404+0000] {taskinstance.py:341} INFO - ::group::Post task execution logs
[2025-03-12T22:25:07.405+0000] {taskinstance.py:353} INFO - Marking task as SUCCESS. dag_id=budapest_weather_email, task_id=weather_extract, run_id=manual__2025-03-11T22:16:33.319975+00:00, execution_date=20250311T221633, start_date=20250312T222507, end_date=20250312T222507
[2025-03-12T22:25:07.441+0000] {logging_mixin.py:190} INFO - Task instance in success state
[2025-03-12T22:25:07.442+0000] {logging_mixin.py:190} INFO -  Previous state of the Task instance: running
[2025-03-12T22:25:07.442+0000] {logging_mixin.py:190} INFO - Dag name:budapest_weather_email queued_at:2025-03-12 22:25:04.764463+00:00
[2025-03-12T22:25:07.443+0000] {logging_mixin.py:190} INFO - Task hostname:c38876581fe7 operator:_PythonDecoratedOperator
[2025-03-12T22:25:07.481+0000] {local_task_job_runner.py:266} INFO - Task exited with return code 0
[2025-03-12T22:25:07.518+0000] {taskinstance.py:3901} INFO - 1 downstream tasks scheduled from follow-on schedule check
[2025-03-12T22:25:07.520+0000] {local_task_job_runner.py:245} INFO - ::endgroup::
