[2025-03-12T22:20:31.454+0000] {local_task_job_runner.py:123} INFO - ::group::Pre task execution logs
[2025-03-12T22:20:31.480+0000] {taskinstance.py:2614} INFO - Dependencies all met for dep_context=non-requeueable deps ti=<TaskInstance: budapest_weather_email.weather_extract manual__2025-03-11T22:16:33.319975+00:00 [queued]>
[2025-03-12T22:20:31.493+0000] {taskinstance.py:2614} INFO - Dependencies all met for dep_context=requeueable deps ti=<TaskInstance: budapest_weather_email.weather_extract manual__2025-03-11T22:16:33.319975+00:00 [queued]>
[2025-03-12T22:20:31.494+0000] {taskinstance.py:2867} INFO - Starting attempt 6 of 6
[2025-03-12T22:20:31.513+0000] {taskinstance.py:2890} INFO - Executing <Task(_PythonDecoratedOperator): weather_extract> on 2025-03-11 22:16:33.319975+00:00
[2025-03-12T22:20:31.524+0000] {warnings.py:112} WARNING - /home/***/.local/lib/python3.12/site-packages/***/task/task_runner/standard_task_runner.py:70: DeprecationWarning: This process (pid=316) is multi-threaded, use of fork() may lead to deadlocks in the child.
  pid = os.fork()

[2025-03-12T22:20:31.527+0000] {standard_task_runner.py:72} INFO - Started process 326 to run task
[2025-03-12T22:20:31.527+0000] {standard_task_runner.py:104} INFO - Running: ['***', 'tasks', 'run', 'budapest_weather_email', 'weather_extract', 'manual__2025-03-11T22:16:33.319975+00:00', '--job-id', '82', '--raw', '--subdir', 'DAGS_FOLDER/budapest_weather_email.py', '--cfg-path', '/tmp/tmps3i1f235']
[2025-03-12T22:20:31.529+0000] {standard_task_runner.py:105} INFO - Job 82: Subtask weather_extract
[2025-03-12T22:20:31.606+0000] {task_command.py:467} INFO - Running <TaskInstance: budapest_weather_email.weather_extract manual__2025-03-11T22:16:33.319975+00:00 [running]> on host c38876581fe7
[2025-03-12T22:20:31.735+0000] {taskinstance.py:3134} INFO - Exporting env vars: AIRFLOW_CTX_DAG_OWNER='***' AIRFLOW_CTX_DAG_ID='budapest_weather_email' AIRFLOW_CTX_TASK_ID='weather_extract' AIRFLOW_CTX_EXECUTION_DATE='2025-03-11T22:16:33.319975+00:00' AIRFLOW_CTX_TRY_NUMBER='6' AIRFLOW_CTX_DAG_RUN_ID='manual__2025-03-11T22:16:33.319975+00:00'
[2025-03-12T22:20:31.737+0000] {logging_mixin.py:190} INFO - Task instance is in running state
[2025-03-12T22:20:31.738+0000] {logging_mixin.py:190} INFO -  Previous state of the Task instance: queued
[2025-03-12T22:20:31.739+0000] {logging_mixin.py:190} INFO - Current task name:weather_extract state:running start_date:2025-03-12 22:20:31.481653+00:00
[2025-03-12T22:20:31.739+0000] {logging_mixin.py:190} INFO - Dag name:budapest_weather_email and current dag run status:running
[2025-03-12T22:20:31.740+0000] {taskinstance.py:732} INFO - ::endgroup::
[2025-03-12T22:20:31.870+0000] {logging_mixin.py:190} INFO - {"date":{"0":"03\/12\/2025_00","1":"03\/12\/2025_01","2":"03\/12\/2025_02","3":"03\/12\/2025_03","4":"03\/12\/2025_04","5":"03\/12\/2025_05","6":"03\/12\/2025_06","7":"03\/12\/2025_07","8":"03\/12\/2025_08","9":"03\/12\/2025_09","10":"03\/12\/2025_10","11":"03\/12\/2025_11","12":"03\/12\/2025_12","13":"03\/12\/2025_13","14":"03\/12\/2025_14","15":"03\/12\/2025_15","16":"03\/12\/2025_16","17":"03\/12\/2025_17","18":"03\/12\/2025_18","19":"03\/12\/2025_19","20":"03\/12\/2025_20","21":"03\/12\/2025_21","22":"03\/12\/2025_22","23":"03\/12\/2025_23"}}
[2025-03-12T22:20:31.871+0000] {python.py:240} INFO - Done. Returned value was: {"date":{"0":"03\/12\/2025_00","1":"03\/12\/2025_01","2":"03\/12\/2025_02","3":"03\/12\/2025_03","4":"03\/12\/2025_04","5":"03\/12\/2025_05","6":"03\/12\/2025_06","7":"03\/12\/2025_07","8":"03\/12\/2025_08","9":"03\/12\/2025_09","10":"03\/12\/2025_10","11":"03\/12\/2025_11","12":"03\/12\/2025_12","13":"03\/12\/2025_13","14":"03\/12\/2025_14","15":"03\/12\/2025_15","16":"03\/12\/2025_16","17":"03\/12\/2025_17","18":"03\/12\/2025_18","19":"03\/12\/2025_19","20":"03\/12\/2025_20","21":"03\/12\/2025_21","22":"03\/12\/2025_22","23":"03\/12\/2025_23"}}
[2025-03-12T22:20:31.900+0000] {taskinstance.py:341} INFO - ::group::Post task execution logs
[2025-03-12T22:20:31.901+0000] {taskinstance.py:353} INFO - Marking task as SUCCESS. dag_id=budapest_weather_email, task_id=weather_extract, run_id=manual__2025-03-11T22:16:33.319975+00:00, execution_date=20250311T221633, start_date=20250312T222031, end_date=20250312T222031
[2025-03-12T22:20:31.931+0000] {logging_mixin.py:190} INFO - Task instance in success state
[2025-03-12T22:20:31.932+0000] {logging_mixin.py:190} INFO -  Previous state of the Task instance: running
[2025-03-12T22:20:31.933+0000] {logging_mixin.py:190} INFO - Dag name:budapest_weather_email queued_at:2025-03-12 22:20:28.643417+00:00
[2025-03-12T22:20:31.934+0000] {logging_mixin.py:190} INFO - Task hostname:c38876581fe7 operator:_PythonDecoratedOperator
[2025-03-12T22:20:31.984+0000] {local_task_job_runner.py:266} INFO - Task exited with return code 0
[2025-03-12T22:20:32.023+0000] {taskinstance.py:3901} INFO - 1 downstream tasks scheduled from follow-on schedule check
[2025-03-12T22:20:32.029+0000] {local_task_job_runner.py:245} INFO - ::endgroup::
