[2025-03-11T17:58:36.761+0000] {local_task_job_runner.py:123} INFO - ::group::Pre task execution logs
[2025-03-11T17:58:36.782+0000] {taskinstance.py:2614} INFO - Dependencies all met for dep_context=non-requeueable deps ti=<TaskInstance: dag_python_dependency_v01.get_lib manual__2025-03-11T17:58:34.753125+00:00 [queued]>
[2025-03-11T17:58:36.797+0000] {taskinstance.py:2614} INFO - Dependencies all met for dep_context=requeueable deps ti=<TaskInstance: dag_python_dependency_v01.get_lib manual__2025-03-11T17:58:34.753125+00:00 [queued]>
[2025-03-11T17:58:36.798+0000] {taskinstance.py:2867} INFO - Starting attempt 1 of 1
[2025-03-11T17:58:36.975+0000] {taskinstance.py:2890} INFO - Executing <Task(PythonOperator): get_lib> on 2025-03-11 17:58:34.753125+00:00
[2025-03-11T17:58:36.983+0000] {warnings.py:112} WARNING - /home/***/.local/lib/python3.12/site-packages/***/task/task_runner/standard_task_runner.py:70: DeprecationWarning: This process (pid=199) is multi-threaded, use of fork() may lead to deadlocks in the child.
  pid = os.fork()

[2025-03-11T17:58:36.984+0000] {standard_task_runner.py:72} INFO - Started process 201 to run task
[2025-03-11T17:58:36.985+0000] {standard_task_runner.py:104} INFO - Running: ['***', 'tasks', 'run', 'dag_python_dependency_v01', 'get_lib', 'manual__2025-03-11T17:58:34.753125+00:00', '--job-id', '5', '--raw', '--subdir', 'DAGS_FOLDER/dag_python_dependencies.py', '--cfg-path', '/tmp/tmpt7lsto9r']
[2025-03-11T17:58:36.986+0000] {standard_task_runner.py:105} INFO - Job 5: Subtask get_lib
[2025-03-11T17:58:37.039+0000] {task_command.py:467} INFO - Running <TaskInstance: dag_python_dependency_v01.get_lib manual__2025-03-11T17:58:34.753125+00:00 [running]> on host cb089193e8dc
[2025-03-11T17:58:37.116+0000] {taskinstance.py:3134} INFO - Exporting env vars: AIRFLOW_CTX_DAG_OWNER='gabe' AIRFLOW_CTX_DAG_ID='dag_python_dependency_v01' AIRFLOW_CTX_TASK_ID='get_lib' AIRFLOW_CTX_EXECUTION_DATE='2025-03-11T17:58:34.753125+00:00' AIRFLOW_CTX_TRY_NUMBER='1' AIRFLOW_CTX_DAG_RUN_ID='manual__2025-03-11T17:58:34.753125+00:00'
[2025-03-11T17:58:37.117+0000] {logging_mixin.py:190} INFO - Task instance is in running state
[2025-03-11T17:58:37.118+0000] {logging_mixin.py:190} INFO -  Previous state of the Task instance: queued
[2025-03-11T17:58:37.118+0000] {logging_mixin.py:190} INFO - Current task name:get_lib state:running start_date:2025-03-11 17:58:36.783785+00:00
[2025-03-11T17:58:37.118+0000] {logging_mixin.py:190} INFO - Dag name:dag_python_dependency_v01 and current dag run status:running
[2025-03-11T17:58:37.119+0000] {taskinstance.py:732} INFO - ::endgroup::
[2025-03-11T17:58:37.125+0000] {logging_mixin.py:190} INFO - Package is installed!
[2025-03-11T17:58:37.126+0000] {python.py:240} INFO - Done. Returned value was: None
[2025-03-11T17:58:37.135+0000] {taskinstance.py:341} INFO - ::group::Post task execution logs
[2025-03-11T17:58:37.136+0000] {taskinstance.py:353} INFO - Marking task as SUCCESS. dag_id=dag_python_dependency_v01, task_id=get_lib, run_id=manual__2025-03-11T17:58:34.753125+00:00, execution_date=20250311T175834, start_date=20250311T175836, end_date=20250311T175837
[2025-03-11T17:58:37.160+0000] {logging_mixin.py:190} INFO - Task instance in success state
[2025-03-11T17:58:37.161+0000] {logging_mixin.py:190} INFO -  Previous state of the Task instance: running
[2025-03-11T17:58:37.162+0000] {logging_mixin.py:190} INFO - Dag name:dag_python_dependency_v01 queued_at:2025-03-11 17:58:34.761255+00:00
[2025-03-11T17:58:37.162+0000] {logging_mixin.py:190} INFO - Task hostname:cb089193e8dc operator:PythonOperator
[2025-03-11T17:58:37.199+0000] {local_task_job_runner.py:266} INFO - Task exited with return code 0
[2025-03-11T17:58:37.215+0000] {taskinstance.py:3901} INFO - 0 downstream tasks scheduled from follow-on schedule check
[2025-03-11T17:58:37.217+0000] {local_task_job_runner.py:245} INFO - ::endgroup::
