[2025-03-11T22:15:20.640+0000] {local_task_job_runner.py:123} INFO - ::group::Pre task execution logs
[2025-03-11T22:15:20.657+0000] {taskinstance.py:2614} INFO - Dependencies all met for dep_context=non-requeueable deps ti=<TaskInstance: budapest_weather_email.weather_extract manual__2025-03-11T22:03:26.820402+00:00 [queued]>
[2025-03-11T22:15:20.665+0000] {taskinstance.py:2614} INFO - Dependencies all met for dep_context=requeueable deps ti=<TaskInstance: budapest_weather_email.weather_extract manual__2025-03-11T22:03:26.820402+00:00 [queued]>
[2025-03-11T22:15:20.665+0000] {taskinstance.py:2867} INFO - Starting attempt 7 of 7
[2025-03-11T22:15:20.677+0000] {taskinstance.py:2890} INFO - Executing <Task(_PythonDecoratedOperator): weather_extract> on 2025-03-11 22:03:26.820402+00:00
[2025-03-11T22:15:20.687+0000] {warnings.py:112} WARNING - /home/***/.local/lib/python3.12/site-packages/***/task/task_runner/standard_task_runner.py:70: DeprecationWarning: This process (pid=1450) is multi-threaded, use of fork() may lead to deadlocks in the child.
  pid = os.fork()

[2025-03-11T22:15:20.689+0000] {standard_task_runner.py:72} INFO - Started process 1454 to run task
[2025-03-11T22:15:20.690+0000] {standard_task_runner.py:104} INFO - Running: ['***', 'tasks', 'run', 'budapest_weather_email', 'weather_extract', 'manual__2025-03-11T22:03:26.820402+00:00', '--job-id', '27', '--raw', '--subdir', 'DAGS_FOLDER/budapest_weather_email.py', '--cfg-path', '/tmp/tmpdahrvfyq']
[2025-03-11T22:15:20.691+0000] {standard_task_runner.py:105} INFO - Job 27: Subtask weather_extract
[2025-03-11T22:15:20.740+0000] {task_command.py:467} INFO - Running <TaskInstance: budapest_weather_email.weather_extract manual__2025-03-11T22:03:26.820402+00:00 [running]> on host c38876581fe7
[2025-03-11T22:15:20.829+0000] {taskinstance.py:3134} INFO - Exporting env vars: AIRFLOW_CTX_DAG_OWNER='***' AIRFLOW_CTX_DAG_ID='budapest_weather_email' AIRFLOW_CTX_TASK_ID='weather_extract' AIRFLOW_CTX_EXECUTION_DATE='2025-03-11T22:03:26.820402+00:00' AIRFLOW_CTX_TRY_NUMBER='7' AIRFLOW_CTX_DAG_RUN_ID='manual__2025-03-11T22:03:26.820402+00:00'
[2025-03-11T22:15:20.831+0000] {logging_mixin.py:190} INFO - Task instance is in running state
[2025-03-11T22:15:20.831+0000] {logging_mixin.py:190} INFO -  Previous state of the Task instance: queued
[2025-03-11T22:15:20.832+0000] {logging_mixin.py:190} INFO - Current task name:weather_extract state:running start_date:2025-03-11 22:15:20.658329+00:00
[2025-03-11T22:15:20.832+0000] {logging_mixin.py:190} INFO - Dag name:budapest_weather_email and current dag run status:running
[2025-03-11T22:15:20.832+0000] {taskinstance.py:732} INFO - ::endgroup::
[2025-03-11T22:15:20.971+0000] {python.py:240} INFO - Done. Returned value was:              date  apparent_temperature
0   03/11/2025_00              8.190367
1   03/11/2025_01              6.900930
2   03/11/2025_02              7.273362
3   03/11/2025_03              7.897134
4   03/11/2025_04              6.546559
5   03/11/2025_05              5.809547
6   03/11/2025_06              5.847198
7   03/11/2025_07              7.492679
8   03/11/2025_08              7.580010
9   03/11/2025_09              9.353172
10  03/11/2025_10             10.490889
11  03/11/2025_11              9.558288
12  03/11/2025_12              9.610354
13  03/11/2025_13             10.876101
14  03/11/2025_14             10.945149
15  03/11/2025_15             10.795707
16  03/11/2025_16             11.163757
17  03/11/2025_17              9.873552
18  03/11/2025_18              9.088516
19  03/11/2025_19              9.467642
20  03/11/2025_20              8.761277
21  03/11/2025_21              7.510604
22  03/11/2025_22              7.381315
23  03/11/2025_23              6.809752
[2025-03-11T22:15:21.023+0000] {taskinstance.py:341} INFO - ::group::Post task execution logs
[2025-03-11T22:15:21.024+0000] {taskinstance.py:353} INFO - Marking task as SUCCESS. dag_id=budapest_weather_email, task_id=weather_extract, run_id=manual__2025-03-11T22:03:26.820402+00:00, execution_date=20250311T220326, start_date=20250311T221520, end_date=20250311T221521
[2025-03-11T22:15:21.049+0000] {logging_mixin.py:190} INFO - Task instance in success state
[2025-03-11T22:15:21.050+0000] {logging_mixin.py:190} INFO -  Previous state of the Task instance: running
[2025-03-11T22:15:21.050+0000] {logging_mixin.py:190} INFO - Dag name:budapest_weather_email queued_at:2025-03-11 22:15:18.435310+00:00
[2025-03-11T22:15:21.051+0000] {logging_mixin.py:190} INFO - Task hostname:c38876581fe7 operator:_PythonDecoratedOperator
[2025-03-11T22:15:21.065+0000] {local_task_job_runner.py:266} INFO - Task exited with return code 0
[2025-03-11T22:15:21.091+0000] {taskinstance.py:3901} INFO - 1 downstream tasks scheduled from follow-on schedule check
[2025-03-11T22:15:21.093+0000] {local_task_job_runner.py:245} INFO - ::endgroup::
