[2025-03-11T22:13:13.766+0000] {local_task_job_runner.py:123} INFO - ::group::Pre task execution logs
[2025-03-11T22:13:13.789+0000] {taskinstance.py:2614} INFO - Dependencies all met for dep_context=non-requeueable deps ti=<TaskInstance: budapest_weather_email.weather_transform manual__2025-03-11T22:03:26.820402+00:00 [queued]>
[2025-03-11T22:13:13.799+0000] {taskinstance.py:2614} INFO - Dependencies all met for dep_context=requeueable deps ti=<TaskInstance: budapest_weather_email.weather_transform manual__2025-03-11T22:03:26.820402+00:00 [queued]>
[2025-03-11T22:13:13.800+0000] {taskinstance.py:2867} INFO - Starting attempt 3 of 3
[2025-03-11T22:13:13.814+0000] {taskinstance.py:2890} INFO - Executing <Task(_PythonDecoratedOperator): weather_transform> on 2025-03-11 22:03:26.820402+00:00
[2025-03-11T22:13:13.823+0000] {warnings.py:112} WARNING - /home/***/.local/lib/python3.12/site-packages/***/task/task_runner/standard_task_runner.py:70: DeprecationWarning: This process (pid=1398) is multi-threaded, use of fork() may lead to deadlocks in the child.
  pid = os.fork()

[2025-03-11T22:13:13.824+0000] {standard_task_runner.py:72} INFO - Started process 1407 to run task
[2025-03-11T22:13:13.825+0000] {standard_task_runner.py:104} INFO - Running: ['***', 'tasks', 'run', 'budapest_weather_email', 'weather_transform', 'manual__2025-03-11T22:03:26.820402+00:00', '--job-id', '23', '--raw', '--subdir', 'DAGS_FOLDER/budapest_weather_email.py', '--cfg-path', '/tmp/tmpjq1d8npd']
[2025-03-11T22:13:13.826+0000] {standard_task_runner.py:105} INFO - Job 23: Subtask weather_transform
[2025-03-11T22:13:13.869+0000] {task_command.py:467} INFO - Running <TaskInstance: budapest_weather_email.weather_transform manual__2025-03-11T22:03:26.820402+00:00 [running]> on host c38876581fe7
[2025-03-11T22:13:13.997+0000] {taskinstance.py:3134} INFO - Exporting env vars: AIRFLOW_CTX_DAG_OWNER='***' AIRFLOW_CTX_DAG_ID='budapest_weather_email' AIRFLOW_CTX_TASK_ID='weather_transform' AIRFLOW_CTX_EXECUTION_DATE='2025-03-11T22:03:26.820402+00:00' AIRFLOW_CTX_TRY_NUMBER='3' AIRFLOW_CTX_DAG_RUN_ID='manual__2025-03-11T22:03:26.820402+00:00'
[2025-03-11T22:13:13.998+0000] {logging_mixin.py:190} INFO - Task instance is in running state
[2025-03-11T22:13:13.999+0000] {logging_mixin.py:190} INFO -  Previous state of the Task instance: queued
[2025-03-11T22:13:13.999+0000] {logging_mixin.py:190} INFO - Current task name:weather_transform state:running start_date:2025-03-11 22:13:13.790541+00:00
[2025-03-11T22:13:14.000+0000] {logging_mixin.py:190} INFO - Dag name:budapest_weather_email and current dag run status:running
[2025-03-11T22:13:14.000+0000] {taskinstance.py:732} INFO - ::endgroup::
[2025-03-11T22:13:14.001+0000] {taskinstance.py:3313} ERROR - Task failed with exception
Traceback (most recent call last):
  File "/home/airflow/.local/lib/python3.12/site-packages/airflow/models/taskinstance.py", line 768, in _execute_task
    result = _execute_callable(context=context, **execute_callable_kwargs)
             ^^^^^^^^^^^^^^^^^^^^^^^^^^^^^^^^^^^^^^^^^^^^^^^^^^^^^^^^^^^^^
  File "/home/airflow/.local/lib/python3.12/site-packages/airflow/models/taskinstance.py", line 734, in _execute_callable
    return ExecutionCallableRunner(
           ^^^^^^^^^^^^^^^^^^^^^^^^
  File "/home/airflow/.local/lib/python3.12/site-packages/airflow/utils/operator_helpers.py", line 252, in run
    return self.func(*args, **kwargs)
           ^^^^^^^^^^^^^^^^^^^^^^^^^^
  File "/home/airflow/.local/lib/python3.12/site-packages/airflow/models/baseoperator.py", line 424, in wrapper
    return func(self, *args, **kwargs)
           ^^^^^^^^^^^^^^^^^^^^^^^^^^^
  File "/home/airflow/.local/lib/python3.12/site-packages/airflow/decorators/base.py", line 266, in execute
    return_value = super().execute(context)
                   ^^^^^^^^^^^^^^^^^^^^^^^^
  File "/home/airflow/.local/lib/python3.12/site-packages/airflow/models/baseoperator.py", line 424, in wrapper
    return func(self, *args, **kwargs)
           ^^^^^^^^^^^^^^^^^^^^^^^^^^^
  File "/home/airflow/.local/lib/python3.12/site-packages/airflow/operators/python.py", line 238, in execute
    return_value = self.execute_callable()
                   ^^^^^^^^^^^^^^^^^^^^^^^
  File "/home/airflow/.local/lib/python3.12/site-packages/airflow/operators/python.py", line 256, in execute_callable
    return runner.run(*self.op_args, **self.op_kwargs)
           ^^^^^^^^^^^^^^^^^^^^^^^^^^^^^^^^^^^^^^^^^^^
  File "/home/airflow/.local/lib/python3.12/site-packages/airflow/utils/operator_helpers.py", line 252, in run
    return self.func(*args, **kwargs)
           ^^^^^^^^^^^^^^^^^^^^^^^^^^
  File "/opt/airflow/dags/budapest_weather_email.py", line 50, in weather_transform
    hourly = response.Hourly()
             ^^^^^^^^^^^^^^^
  File "/home/airflow/.local/lib/python3.12/site-packages/pandas/core/generic.py", line 6204, in __getattr__
    return object.__getattribute__(self, name)
           ^^^^^^^^^^^^^^^^^^^^^^^^^^^^^^^^^^^
AttributeError: 'DataFrame' object has no attribute 'Hourly'
[2025-03-11T22:13:14.020+0000] {logging_mixin.py:190} INFO - Task instance in failure state
[2025-03-11T22:13:14.021+0000] {logging_mixin.py:190} INFO - Task start:2025-03-11 22:13:13.790541+00:00 end:2025-03-11 22:13:14.019931+00:00 duration:0.22939
[2025-03-11T22:13:14.021+0000] {logging_mixin.py:190} INFO - Task:<Task(_PythonDecoratedOperator): weather_transform> dag:<DAG: budapest_weather_email> dagrun:<DagRun budapest_weather_email @ 2025-03-11 22:03:26.820402+00:00: manual__2025-03-11T22:03:26.820402+00:00, state:running, queued_at: 2025-03-11 22:13:08.777488+00:00. externally triggered: True>
[2025-03-11T22:13:14.022+0000] {logging_mixin.py:190} INFO - Failure caused by 'DataFrame' object has no attribute 'Hourly'
[2025-03-11T22:13:14.022+0000] {taskinstance.py:1226} INFO - Marking task as FAILED. dag_id=budapest_weather_email, task_id=weather_transform, run_id=manual__2025-03-11T22:03:26.820402+00:00, execution_date=20250311T220326, start_date=20250311T221313, end_date=20250311T221314
[2025-03-11T22:13:14.049+0000] {taskinstance.py:341} INFO - ::group::Post task execution logs
[2025-03-11T22:13:14.050+0000] {standard_task_runner.py:124} ERROR - Failed to execute job 23 for task weather_transform ('DataFrame' object has no attribute 'Hourly'; 1407)
Traceback (most recent call last):
  File "/home/airflow/.local/lib/python3.12/site-packages/airflow/task/task_runner/standard_task_runner.py", line 117, in _start_by_fork
    ret = args.func(args, dag=self.dag)
          ^^^^^^^^^^^^^^^^^^^^^^^^^^^^^
  File "/home/airflow/.local/lib/python3.12/site-packages/airflow/cli/cli_config.py", line 49, in command
    return func(*args, **kwargs)
           ^^^^^^^^^^^^^^^^^^^^^
  File "/home/airflow/.local/lib/python3.12/site-packages/airflow/utils/cli.py", line 116, in wrapper
    return f(*args, **kwargs)
           ^^^^^^^^^^^^^^^^^^
  File "/home/airflow/.local/lib/python3.12/site-packages/airflow/cli/commands/task_command.py", line 483, in task_run
    task_return_code = _run_task_by_selected_method(args, _dag, ti)
                       ^^^^^^^^^^^^^^^^^^^^^^^^^^^^^^^^^^^^^^^^^^^^
  File "/home/airflow/.local/lib/python3.12/site-packages/airflow/cli/commands/task_command.py", line 256, in _run_task_by_selected_method
    return _run_raw_task(args, ti)
           ^^^^^^^^^^^^^^^^^^^^^^^
  File "/home/airflow/.local/lib/python3.12/site-packages/airflow/cli/commands/task_command.py", line 341, in _run_raw_task
    return ti._run_raw_task(
           ^^^^^^^^^^^^^^^^^
  File "/home/airflow/.local/lib/python3.12/site-packages/airflow/utils/session.py", line 97, in wrapper
    return func(*args, session=session, **kwargs)
           ^^^^^^^^^^^^^^^^^^^^^^^^^^^^^^^^^^^^^^
  File "/home/airflow/.local/lib/python3.12/site-packages/airflow/models/taskinstance.py", line 3006, in _run_raw_task
    return _run_raw_task(
           ^^^^^^^^^^^^^^
  File "/home/airflow/.local/lib/python3.12/site-packages/airflow/models/taskinstance.py", line 274, in _run_raw_task
    TaskInstance._execute_task_with_callbacks(
  File "/home/airflow/.local/lib/python3.12/site-packages/airflow/models/taskinstance.py", line 3161, in _execute_task_with_callbacks
    result = self._execute_task(context, task_orig)
             ^^^^^^^^^^^^^^^^^^^^^^^^^^^^^^^^^^^^^^
  File "/home/airflow/.local/lib/python3.12/site-packages/airflow/models/taskinstance.py", line 3185, in _execute_task
    return _execute_task(self, context, task_orig)
           ^^^^^^^^^^^^^^^^^^^^^^^^^^^^^^^^^^^^^^^
  File "/home/airflow/.local/lib/python3.12/site-packages/airflow/models/taskinstance.py", line 768, in _execute_task
    result = _execute_callable(context=context, **execute_callable_kwargs)
             ^^^^^^^^^^^^^^^^^^^^^^^^^^^^^^^^^^^^^^^^^^^^^^^^^^^^^^^^^^^^^
  File "/home/airflow/.local/lib/python3.12/site-packages/airflow/models/taskinstance.py", line 734, in _execute_callable
    return ExecutionCallableRunner(
           ^^^^^^^^^^^^^^^^^^^^^^^^
  File "/home/airflow/.local/lib/python3.12/site-packages/airflow/utils/operator_helpers.py", line 252, in run
    return self.func(*args, **kwargs)
           ^^^^^^^^^^^^^^^^^^^^^^^^^^
  File "/home/airflow/.local/lib/python3.12/site-packages/airflow/models/baseoperator.py", line 424, in wrapper
    return func(self, *args, **kwargs)
           ^^^^^^^^^^^^^^^^^^^^^^^^^^^
  File "/home/airflow/.local/lib/python3.12/site-packages/airflow/decorators/base.py", line 266, in execute
    return_value = super().execute(context)
                   ^^^^^^^^^^^^^^^^^^^^^^^^
  File "/home/airflow/.local/lib/python3.12/site-packages/airflow/models/baseoperator.py", line 424, in wrapper
    return func(self, *args, **kwargs)
           ^^^^^^^^^^^^^^^^^^^^^^^^^^^
  File "/home/airflow/.local/lib/python3.12/site-packages/airflow/operators/python.py", line 238, in execute
    return_value = self.execute_callable()
                   ^^^^^^^^^^^^^^^^^^^^^^^
  File "/home/airflow/.local/lib/python3.12/site-packages/airflow/operators/python.py", line 256, in execute_callable
    return runner.run(*self.op_args, **self.op_kwargs)
           ^^^^^^^^^^^^^^^^^^^^^^^^^^^^^^^^^^^^^^^^^^^
  File "/home/airflow/.local/lib/python3.12/site-packages/airflow/utils/operator_helpers.py", line 252, in run
    return self.func(*args, **kwargs)
           ^^^^^^^^^^^^^^^^^^^^^^^^^^
  File "/opt/airflow/dags/budapest_weather_email.py", line 50, in weather_transform
    hourly = response.Hourly()
             ^^^^^^^^^^^^^^^
  File "/home/airflow/.local/lib/python3.12/site-packages/pandas/core/generic.py", line 6204, in __getattr__
    return object.__getattribute__(self, name)
           ^^^^^^^^^^^^^^^^^^^^^^^^^^^^^^^^^^^
AttributeError: 'DataFrame' object has no attribute 'Hourly'
[2025-03-11T22:13:14.079+0000] {local_task_job_runner.py:266} INFO - Task exited with return code 1
[2025-03-11T22:13:14.095+0000] {taskinstance.py:3901} INFO - 0 downstream tasks scheduled from follow-on schedule check
[2025-03-11T22:13:14.097+0000] {local_task_job_runner.py:245} INFO - ::endgroup::
