[2025-03-13T13:35:07.255+0000] {local_task_job_runner.py:123} INFO - ::group::Pre task execution logs
[2025-03-13T13:35:07.303+0000] {taskinstance.py:2614} INFO - Dependencies all met for dep_context=non-requeueable deps ti=<TaskInstance: budapest_weather_email.weather_load manual__2025-03-11T22:16:33.319975+00:00 [queued]>
[2025-03-13T13:35:07.324+0000] {taskinstance.py:2614} INFO - Dependencies all met for dep_context=requeueable deps ti=<TaskInstance: budapest_weather_email.weather_load manual__2025-03-11T22:16:33.319975+00:00 [queued]>
[2025-03-13T13:35:07.326+0000] {taskinstance.py:2867} INFO - Starting attempt 1 of 1
[2025-03-13T13:35:07.355+0000] {taskinstance.py:2890} INFO - Executing <Task(_PythonDecoratedOperator): weather_load> on 2025-03-11 22:16:33.319975+00:00
[2025-03-13T13:35:07.370+0000] {warnings.py:112} WARNING - /home/***/.local/lib/python3.12/site-packages/***/task/task_runner/standard_task_runner.py:70: DeprecationWarning: This process (pid=967) is multi-threaded, use of fork() may lead to deadlocks in the child.
  pid = os.fork()

[2025-03-13T13:35:07.374+0000] {standard_task_runner.py:72} INFO - Started process 969 to run task
[2025-03-13T13:35:07.374+0000] {standard_task_runner.py:104} INFO - Running: ['***', 'tasks', 'run', 'budapest_weather_email', 'weather_load', 'manual__2025-03-11T22:16:33.319975+00:00', '--job-id', '103', '--raw', '--subdir', 'DAGS_FOLDER/budapest_weather_email.py', '--cfg-path', '/tmp/tmpcc2fkzoe']
[2025-03-13T13:35:07.377+0000] {standard_task_runner.py:105} INFO - Job 103: Subtask weather_load
[2025-03-13T13:35:07.468+0000] {task_command.py:467} INFO - Running <TaskInstance: budapest_weather_email.weather_load manual__2025-03-11T22:16:33.319975+00:00 [running]> on host c38876581fe7
[2025-03-13T13:35:07.706+0000] {taskinstance.py:3134} INFO - Exporting env vars: AIRFLOW_CTX_DAG_OWNER='***' AIRFLOW_CTX_DAG_ID='budapest_weather_email' AIRFLOW_CTX_TASK_ID='weather_load' AIRFLOW_CTX_EXECUTION_DATE='2025-03-11T22:16:33.319975+00:00' AIRFLOW_CTX_TRY_NUMBER='1' AIRFLOW_CTX_DAG_RUN_ID='manual__2025-03-11T22:16:33.319975+00:00'
[2025-03-13T13:35:07.709+0000] {logging_mixin.py:190} INFO - Task instance is in running state
[2025-03-13T13:35:07.710+0000] {logging_mixin.py:190} INFO -  Previous state of the Task instance: queued
[2025-03-13T13:35:07.711+0000] {logging_mixin.py:190} INFO - Current task name:weather_load state:running start_date:2025-03-13 13:35:07.304705+00:00
[2025-03-13T13:35:07.712+0000] {logging_mixin.py:190} INFO - Dag name:budapest_weather_email and current dag run status:running
[2025-03-13T13:35:07.713+0000] {taskinstance.py:732} INFO - ::endgroup::
[2025-03-13T13:35:07.715+0000] {logging_mixin.py:190} INFO - {"date":{"0":"03\/13\/2025_00","1":"03\/13\/2025_01","2":"03\/13\/2025_02","3":"03\/13\/2025_03","4":"03\/13\/2025_04","5":"03\/13\/2025_05","6":"03\/13\/2025_06","7":"03\/13\/2025_07","8":"03\/13\/2025_08","9":"03\/13\/2025_09","10":"03\/13\/2025_10","11":"03\/13\/2025_11","12":"03\/13\/2025_12","13":"03\/13\/2025_13","14":"03\/13\/2025_14","15":"03\/13\/2025_15","16":"03\/13\/2025_16","17":"03\/13\/2025_17","18":"03\/13\/2025_18","19":"03\/13\/2025_19","20":"03\/13\/2025_20","21":"03\/13\/2025_21","22":"03\/13\/2025_22","23":"03\/13\/2025_23"},"apparent_temperature":{"0":13.0207595825,"1":13.312171936,"2":11.6810312271,"3":11.5348806381,"4":10.7772397995,"5":11.1571550369,"6":12.1671142578,"7":11.3306560516,"8":10.5308589935,"9":10.8117275238,"10":11.5646934509,"11":11.7619018555,"12":11.4375076294,"13":10.9275255203,"14":10.8176116943,"15":11.4486989975,"16":10.9111328125,"17":11.0700244904,"18":10.9109315872,"19":10.4260158539,"20":9.4033317566,"21":8.7155265808,"22":8.29459095,"23":7.3413162231}}
[2025-03-13T13:35:07.717+0000] {taskinstance.py:3313} ERROR - Task failed with exception
Traceback (most recent call last):
  File "/home/airflow/.local/lib/python3.12/site-packages/airflow/models/taskinstance.py", line 768, in _execute_task
    result = _execute_callable(context=context, **execute_callable_kwargs)
             ^^^^^^^^^^^^^^^^^^^^^^^^^^^^^^^^^^^^^^^^^^^^^^^^^^^^^^^^^^^^^
  File "/home/airflow/.local/lib/python3.12/site-packages/airflow/models/taskinstance.py", line 734, in _execute_callable
    return ExecutionCallableRunner(
           ^^^^^^^^^^^^^^^^^^^^^^^^
  File "/home/airflow/.local/lib/python3.12/site-packages/airflow/utils/operator_helpers.py", line 252, in run
    return self.func(*args, **kwargs)
           ^^^^^^^^^^^^^^^^^^^^^^^^^^
  File "/home/airflow/.local/lib/python3.12/site-packages/airflow/models/baseoperator.py", line 424, in wrapper
    return func(self, *args, **kwargs)
           ^^^^^^^^^^^^^^^^^^^^^^^^^^^
  File "/home/airflow/.local/lib/python3.12/site-packages/airflow/decorators/base.py", line 266, in execute
    return_value = super().execute(context)
                   ^^^^^^^^^^^^^^^^^^^^^^^^
  File "/home/airflow/.local/lib/python3.12/site-packages/airflow/models/baseoperator.py", line 424, in wrapper
    return func(self, *args, **kwargs)
           ^^^^^^^^^^^^^^^^^^^^^^^^^^^
  File "/home/airflow/.local/lib/python3.12/site-packages/airflow/operators/python.py", line 238, in execute
    return_value = self.execute_callable()
                   ^^^^^^^^^^^^^^^^^^^^^^^
  File "/home/airflow/.local/lib/python3.12/site-packages/airflow/operators/python.py", line 256, in execute_callable
    return runner.run(*self.op_args, **self.op_kwargs)
           ^^^^^^^^^^^^^^^^^^^^^^^^^^^^^^^^^^^^^^^^^^^
  File "/home/airflow/.local/lib/python3.12/site-packages/airflow/utils/operator_helpers.py", line 252, in run
    return self.func(*args, **kwargs)
           ^^^^^^^^^^^^^^^^^^^^^^^^^^
  File "/opt/airflow/dags/budapest_weather_email.py", line 108, in weather_load
    hook.run(insert_query, parameters=(data['date'], data['apparent_temperature']))
                                       ~~~~^^^^^^^^
TypeError: string indices must be integers, not 'str'
[2025-03-13T13:35:07.745+0000] {logging_mixin.py:190} INFO - Task instance in failure state
[2025-03-13T13:35:07.747+0000] {logging_mixin.py:190} INFO - Task start:2025-03-13 13:35:07.304705+00:00 end:2025-03-13 13:35:07.744993+00:00 duration:0.440288
[2025-03-13T13:35:07.748+0000] {logging_mixin.py:190} INFO - Task:<Task(_PythonDecoratedOperator): weather_load> dag:<DAG: budapest_weather_email> dagrun:<DagRun budapest_weather_email @ 2025-03-11 22:16:33.319975+00:00: manual__2025-03-11T22:16:33.319975+00:00, state:running, queued_at: 2025-03-13 13:34:57.339742+00:00. externally triggered: True>
[2025-03-13T13:35:07.750+0000] {logging_mixin.py:190} INFO - Failure caused by string indices must be integers, not 'str'
[2025-03-13T13:35:07.751+0000] {taskinstance.py:1226} INFO - Marking task as FAILED. dag_id=budapest_weather_email, task_id=weather_load, run_id=manual__2025-03-11T22:16:33.319975+00:00, execution_date=20250311T221633, start_date=20250313T133507, end_date=20250313T133507
[2025-03-13T13:35:07.806+0000] {taskinstance.py:341} INFO - ::group::Post task execution logs
[2025-03-13T13:35:07.807+0000] {standard_task_runner.py:124} ERROR - Failed to execute job 103 for task weather_load (string indices must be integers, not 'str'; 969)
Traceback (most recent call last):
  File "/home/airflow/.local/lib/python3.12/site-packages/airflow/task/task_runner/standard_task_runner.py", line 117, in _start_by_fork
    ret = args.func(args, dag=self.dag)
          ^^^^^^^^^^^^^^^^^^^^^^^^^^^^^
  File "/home/airflow/.local/lib/python3.12/site-packages/airflow/cli/cli_config.py", line 49, in command
    return func(*args, **kwargs)
           ^^^^^^^^^^^^^^^^^^^^^
  File "/home/airflow/.local/lib/python3.12/site-packages/airflow/utils/cli.py", line 116, in wrapper
    return f(*args, **kwargs)
           ^^^^^^^^^^^^^^^^^^
  File "/home/airflow/.local/lib/python3.12/site-packages/airflow/cli/commands/task_command.py", line 483, in task_run
    task_return_code = _run_task_by_selected_method(args, _dag, ti)
                       ^^^^^^^^^^^^^^^^^^^^^^^^^^^^^^^^^^^^^^^^^^^^
  File "/home/airflow/.local/lib/python3.12/site-packages/airflow/cli/commands/task_command.py", line 256, in _run_task_by_selected_method
    return _run_raw_task(args, ti)
           ^^^^^^^^^^^^^^^^^^^^^^^
  File "/home/airflow/.local/lib/python3.12/site-packages/airflow/cli/commands/task_command.py", line 341, in _run_raw_task
    return ti._run_raw_task(
           ^^^^^^^^^^^^^^^^^
  File "/home/airflow/.local/lib/python3.12/site-packages/airflow/utils/session.py", line 97, in wrapper
    return func(*args, session=session, **kwargs)
           ^^^^^^^^^^^^^^^^^^^^^^^^^^^^^^^^^^^^^^
  File "/home/airflow/.local/lib/python3.12/site-packages/airflow/models/taskinstance.py", line 3006, in _run_raw_task
    return _run_raw_task(
           ^^^^^^^^^^^^^^
  File "/home/airflow/.local/lib/python3.12/site-packages/airflow/models/taskinstance.py", line 274, in _run_raw_task
    TaskInstance._execute_task_with_callbacks(
  File "/home/airflow/.local/lib/python3.12/site-packages/airflow/models/taskinstance.py", line 3161, in _execute_task_with_callbacks
    result = self._execute_task(context, task_orig)
             ^^^^^^^^^^^^^^^^^^^^^^^^^^^^^^^^^^^^^^
  File "/home/airflow/.local/lib/python3.12/site-packages/airflow/models/taskinstance.py", line 3185, in _execute_task
    return _execute_task(self, context, task_orig)
           ^^^^^^^^^^^^^^^^^^^^^^^^^^^^^^^^^^^^^^^
  File "/home/airflow/.local/lib/python3.12/site-packages/airflow/models/taskinstance.py", line 768, in _execute_task
    result = _execute_callable(context=context, **execute_callable_kwargs)
             ^^^^^^^^^^^^^^^^^^^^^^^^^^^^^^^^^^^^^^^^^^^^^^^^^^^^^^^^^^^^^
  File "/home/airflow/.local/lib/python3.12/site-packages/airflow/models/taskinstance.py", line 734, in _execute_callable
    return ExecutionCallableRunner(
           ^^^^^^^^^^^^^^^^^^^^^^^^
  File "/home/airflow/.local/lib/python3.12/site-packages/airflow/utils/operator_helpers.py", line 252, in run
    return self.func(*args, **kwargs)
           ^^^^^^^^^^^^^^^^^^^^^^^^^^
  File "/home/airflow/.local/lib/python3.12/site-packages/airflow/models/baseoperator.py", line 424, in wrapper
    return func(self, *args, **kwargs)
           ^^^^^^^^^^^^^^^^^^^^^^^^^^^
  File "/home/airflow/.local/lib/python3.12/site-packages/airflow/decorators/base.py", line 266, in execute
    return_value = super().execute(context)
                   ^^^^^^^^^^^^^^^^^^^^^^^^
  File "/home/airflow/.local/lib/python3.12/site-packages/airflow/models/baseoperator.py", line 424, in wrapper
    return func(self, *args, **kwargs)
           ^^^^^^^^^^^^^^^^^^^^^^^^^^^
  File "/home/airflow/.local/lib/python3.12/site-packages/airflow/operators/python.py", line 238, in execute
    return_value = self.execute_callable()
                   ^^^^^^^^^^^^^^^^^^^^^^^
  File "/home/airflow/.local/lib/python3.12/site-packages/airflow/operators/python.py", line 256, in execute_callable
    return runner.run(*self.op_args, **self.op_kwargs)
           ^^^^^^^^^^^^^^^^^^^^^^^^^^^^^^^^^^^^^^^^^^^
  File "/home/airflow/.local/lib/python3.12/site-packages/airflow/utils/operator_helpers.py", line 252, in run
    return self.func(*args, **kwargs)
           ^^^^^^^^^^^^^^^^^^^^^^^^^^
  File "/opt/airflow/dags/budapest_weather_email.py", line 108, in weather_load
    hook.run(insert_query, parameters=(data['date'], data['apparent_temperature']))
                                       ~~~~^^^^^^^^
TypeError: string indices must be integers, not 'str'
[2025-03-13T13:35:07.834+0000] {local_task_job_runner.py:266} INFO - Task exited with return code 1
[2025-03-13T13:35:07.868+0000] {taskinstance.py:3901} INFO - 0 downstream tasks scheduled from follow-on schedule check
[2025-03-13T13:35:07.872+0000] {local_task_job_runner.py:245} INFO - ::endgroup::
