[2025-03-11T20:37:15.919+0000] {local_task_job_runner.py:123} INFO - ::group::Pre task execution logs
[2025-03-11T20:37:15.935+0000] {taskinstance.py:2614} INFO - Dependencies all met for dep_context=non-requeueable deps ti=<TaskInstance: dag_python_dependency_v01.get_lib manual__2025-03-11T20:37:10.342541+00:00 [queued]>
[2025-03-11T20:37:15.943+0000] {taskinstance.py:2614} INFO - Dependencies all met for dep_context=requeueable deps ti=<TaskInstance: dag_python_dependency_v01.get_lib manual__2025-03-11T20:37:10.342541+00:00 [queued]>
[2025-03-11T20:37:15.944+0000] {taskinstance.py:2867} INFO - Starting attempt 1 of 1
[2025-03-11T20:37:16.110+0000] {taskinstance.py:2890} INFO - Executing <Task(PythonOperator): get_lib> on 2025-03-11 20:37:10.342541+00:00
[2025-03-11T20:37:16.120+0000] {warnings.py:112} WARNING - /home/***/.local/lib/python3.12/site-packages/***/task/task_runner/standard_task_runner.py:70: DeprecationWarning: This process (pid=91) is multi-threaded, use of fork() may lead to deadlocks in the child.
  pid = os.fork()

[2025-03-11T20:37:16.121+0000] {standard_task_runner.py:72} INFO - Started process 100 to run task
[2025-03-11T20:37:16.122+0000] {standard_task_runner.py:104} INFO - Running: ['***', 'tasks', 'run', 'dag_python_dependency_v01', 'get_lib', 'manual__2025-03-11T20:37:10.342541+00:00', '--job-id', '8', '--raw', '--subdir', 'DAGS_FOLDER/dag_python_dependencies.py', '--cfg-path', '/tmp/tmpsey6tgms']
[2025-03-11T20:37:16.123+0000] {standard_task_runner.py:105} INFO - Job 8: Subtask get_lib
[2025-03-11T20:37:16.170+0000] {task_command.py:467} INFO - Running <TaskInstance: dag_python_dependency_v01.get_lib manual__2025-03-11T20:37:10.342541+00:00 [running]> on host c38876581fe7
[2025-03-11T20:37:16.265+0000] {taskinstance.py:3134} INFO - Exporting env vars: AIRFLOW_CTX_DAG_OWNER='gabe' AIRFLOW_CTX_DAG_ID='dag_python_dependency_v01' AIRFLOW_CTX_TASK_ID='get_lib' AIRFLOW_CTX_EXECUTION_DATE='2025-03-11T20:37:10.342541+00:00' AIRFLOW_CTX_TRY_NUMBER='1' AIRFLOW_CTX_DAG_RUN_ID='manual__2025-03-11T20:37:10.342541+00:00'
[2025-03-11T20:37:16.267+0000] {logging_mixin.py:190} INFO - Task instance is in running state
[2025-03-11T20:37:16.267+0000] {logging_mixin.py:190} INFO -  Previous state of the Task instance: queued
[2025-03-11T20:37:16.268+0000] {logging_mixin.py:190} INFO - Current task name:get_lib state:running start_date:2025-03-11 20:37:15.936659+00:00
[2025-03-11T20:37:16.268+0000] {logging_mixin.py:190} INFO - Dag name:dag_python_dependency_v01 and current dag run status:running
[2025-03-11T20:37:16.269+0000] {taskinstance.py:732} INFO - ::endgroup::
[2025-03-11T20:37:16.280+0000] {logging_mixin.py:190} INFO - Package is installed!
[2025-03-11T20:37:16.281+0000] {python.py:240} INFO - Done. Returned value was: None
[2025-03-11T20:37:16.292+0000] {taskinstance.py:341} INFO - ::group::Post task execution logs
[2025-03-11T20:37:16.293+0000] {taskinstance.py:353} INFO - Marking task as SUCCESS. dag_id=dag_python_dependency_v01, task_id=get_lib, run_id=manual__2025-03-11T20:37:10.342541+00:00, execution_date=20250311T203710, start_date=20250311T203715, end_date=20250311T203716
[2025-03-11T20:37:16.320+0000] {logging_mixin.py:190} INFO - Task instance in success state
[2025-03-11T20:37:16.321+0000] {logging_mixin.py:190} INFO -  Previous state of the Task instance: running
[2025-03-11T20:37:16.322+0000] {logging_mixin.py:190} INFO - Dag name:dag_python_dependency_v01 queued_at:2025-03-11 20:37:10.378576+00:00
[2025-03-11T20:37:16.322+0000] {logging_mixin.py:190} INFO - Task hostname:c38876581fe7 operator:PythonOperator
[2025-03-11T20:37:16.337+0000] {local_task_job_runner.py:266} INFO - Task exited with return code 0
[2025-03-11T20:37:16.360+0000] {taskinstance.py:3901} INFO - 0 downstream tasks scheduled from follow-on schedule check
[2025-03-11T20:37:16.363+0000] {local_task_job_runner.py:245} INFO - ::endgroup::
