[2025-03-12T22:53:25.321+0000] {local_task_job_runner.py:123} INFO - ::group::Pre task execution logs
[2025-03-12T22:53:25.350+0000] {taskinstance.py:2614} INFO - Dependencies all met for dep_context=non-requeueable deps ti=<TaskInstance: budapest_weather_email.create_table manual__2025-03-11T22:16:33.319975+00:00 [queued]>
[2025-03-12T22:53:25.364+0000] {taskinstance.py:2614} INFO - Dependencies all met for dep_context=requeueable deps ti=<TaskInstance: budapest_weather_email.create_table manual__2025-03-11T22:16:33.319975+00:00 [queued]>
[2025-03-12T22:53:25.365+0000] {taskinstance.py:2867} INFO - Starting attempt 7 of 7
[2025-03-12T22:53:25.400+0000] {taskinstance.py:2890} INFO - Executing <Task(_PythonDecoratedOperator): create_table> on 2025-03-11 22:16:33.319975+00:00
[2025-03-12T22:53:25.413+0000] {warnings.py:112} WARNING - /home/***/.local/lib/python3.12/site-packages/***/task/task_runner/standard_task_runner.py:70: DeprecationWarning: This process (pid=767) is multi-threaded, use of fork() may lead to deadlocks in the child.
  pid = os.fork()

[2025-03-12T22:53:25.416+0000] {standard_task_runner.py:72} INFO - Started process 773 to run task
[2025-03-12T22:53:25.417+0000] {standard_task_runner.py:104} INFO - Running: ['***', 'tasks', 'run', 'budapest_weather_email', 'create_table', 'manual__2025-03-11T22:16:33.319975+00:00', '--job-id', '90', '--raw', '--subdir', 'DAGS_FOLDER/budapest_weather_email.py', '--cfg-path', '/tmp/tmp59o7bu6w']
[2025-03-12T22:53:25.419+0000] {standard_task_runner.py:105} INFO - Job 90: Subtask create_table
[2025-03-12T22:53:25.488+0000] {task_command.py:467} INFO - Running <TaskInstance: budapest_weather_email.create_table manual__2025-03-11T22:16:33.319975+00:00 [running]> on host c38876581fe7
[2025-03-12T22:53:25.608+0000] {taskinstance.py:3134} INFO - Exporting env vars: AIRFLOW_CTX_DAG_OWNER='***' AIRFLOW_CTX_DAG_ID='budapest_weather_email' AIRFLOW_CTX_TASK_ID='create_table' AIRFLOW_CTX_EXECUTION_DATE='2025-03-11T22:16:33.319975+00:00' AIRFLOW_CTX_TRY_NUMBER='7' AIRFLOW_CTX_DAG_RUN_ID='manual__2025-03-11T22:16:33.319975+00:00'
[2025-03-12T22:53:25.610+0000] {logging_mixin.py:190} INFO - Task instance is in running state
[2025-03-12T22:53:25.611+0000] {logging_mixin.py:190} INFO -  Previous state of the Task instance: queued
[2025-03-12T22:53:25.612+0000] {logging_mixin.py:190} INFO - Current task name:create_table state:running start_date:2025-03-12 22:53:25.351030+00:00
[2025-03-12T22:53:25.613+0000] {logging_mixin.py:190} INFO - Dag name:budapest_weather_email and current dag run status:running
[2025-03-12T22:53:25.613+0000] {taskinstance.py:732} INFO - ::endgroup::
[2025-03-12T22:53:25.627+0000] {base.py:84} INFO - Retrieving connection 'weather_connect'
[2025-03-12T22:53:25.634+0000] {sql.py:511} INFO - Running statement: 
    CREATE TABLE IF NOT EXISTS budapest_weather (
        id SERIAL PRIMARY KEY,
        date TEXT NOT NULL,
        apparent_temperature FLOAT
    );
    , parameters: None
[2025-03-12T22:53:25.679+0000] {python.py:240} INFO - Done. Returned value was: Table created
[2025-03-12T22:53:25.709+0000] {taskinstance.py:341} INFO - ::group::Post task execution logs
[2025-03-12T22:53:25.710+0000] {taskinstance.py:353} INFO - Marking task as SUCCESS. dag_id=budapest_weather_email, task_id=create_table, run_id=manual__2025-03-11T22:16:33.319975+00:00, execution_date=20250311T221633, start_date=20250312T225325, end_date=20250312T225325
[2025-03-12T22:53:25.740+0000] {logging_mixin.py:190} INFO - Task instance in success state
[2025-03-12T22:53:25.741+0000] {logging_mixin.py:190} INFO -  Previous state of the Task instance: running
[2025-03-12T22:53:25.741+0000] {logging_mixin.py:190} INFO - Dag name:budapest_weather_email queued_at:2025-03-12 22:53:22.210203+00:00
[2025-03-12T22:53:25.742+0000] {logging_mixin.py:190} INFO - Task hostname:c38876581fe7 operator:_PythonDecoratedOperator
[2025-03-12T22:53:25.793+0000] {local_task_job_runner.py:266} INFO - Task exited with return code 0
[2025-03-12T22:53:25.830+0000] {taskinstance.py:3901} INFO - 0 downstream tasks scheduled from follow-on schedule check
[2025-03-12T22:53:25.833+0000] {local_task_job_runner.py:245} INFO - ::endgroup::
