[2025-03-13T13:33:13.514+0000] {local_task_job_runner.py:123} INFO - ::group::Pre task execution logs
[2025-03-13T13:33:13.558+0000] {taskinstance.py:2614} INFO - Dependencies all met for dep_context=non-requeueable deps ti=<TaskInstance: budapest_weather_email.create_table manual__2025-03-11T22:16:33.319975+00:00 [queued]>
[2025-03-13T13:33:13.574+0000] {taskinstance.py:2614} INFO - Dependencies all met for dep_context=requeueable deps ti=<TaskInstance: budapest_weather_email.create_table manual__2025-03-11T22:16:33.319975+00:00 [queued]>
[2025-03-13T13:33:13.575+0000] {taskinstance.py:2867} INFO - Starting attempt 8 of 8
[2025-03-13T13:33:13.616+0000] {taskinstance.py:2890} INFO - Executing <Task(_PythonDecoratedOperator): create_table> on 2025-03-11 22:16:33.319975+00:00
[2025-03-13T13:33:13.633+0000] {warnings.py:112} WARNING - /home/***/.local/lib/python3.12/site-packages/***/task/task_runner/standard_task_runner.py:70: DeprecationWarning: This process (pid=922) is multi-threaded, use of fork() may lead to deadlocks in the child.
  pid = os.fork()

[2025-03-13T13:33:13.636+0000] {standard_task_runner.py:104} INFO - Running: ['***', 'tasks', 'run', 'budapest_weather_email', 'create_table', 'manual__2025-03-11T22:16:33.319975+00:00', '--job-id', '97', '--raw', '--subdir', 'DAGS_FOLDER/budapest_weather_email.py', '--cfg-path', '/tmp/tmpv_8u7rrf']
[2025-03-13T13:33:13.638+0000] {standard_task_runner.py:72} INFO - Started process 927 to run task
[2025-03-13T13:33:13.639+0000] {standard_task_runner.py:105} INFO - Job 97: Subtask create_table
[2025-03-13T13:33:13.764+0000] {task_command.py:467} INFO - Running <TaskInstance: budapest_weather_email.create_table manual__2025-03-11T22:16:33.319975+00:00 [running]> on host c38876581fe7
[2025-03-13T13:33:13.983+0000] {taskinstance.py:3134} INFO - Exporting env vars: AIRFLOW_CTX_DAG_OWNER='***' AIRFLOW_CTX_DAG_ID='budapest_weather_email' AIRFLOW_CTX_TASK_ID='create_table' AIRFLOW_CTX_EXECUTION_DATE='2025-03-11T22:16:33.319975+00:00' AIRFLOW_CTX_TRY_NUMBER='8' AIRFLOW_CTX_DAG_RUN_ID='manual__2025-03-11T22:16:33.319975+00:00'
[2025-03-13T13:33:13.986+0000] {logging_mixin.py:190} INFO - Task instance is in running state
[2025-03-13T13:33:13.987+0000] {logging_mixin.py:190} INFO -  Previous state of the Task instance: queued
[2025-03-13T13:33:13.988+0000] {logging_mixin.py:190} INFO - Current task name:create_table state:running start_date:2025-03-13 13:33:13.559743+00:00
[2025-03-13T13:33:13.989+0000] {logging_mixin.py:190} INFO - Dag name:budapest_weather_email and current dag run status:running
[2025-03-13T13:33:13.990+0000] {taskinstance.py:732} INFO - ::endgroup::
[2025-03-13T13:33:14.015+0000] {base.py:84} INFO - Retrieving connection 'weather_connect'
[2025-03-13T13:33:14.025+0000] {sql.py:511} INFO - Running statement: 
    DO $$
    DECLARE 
      record_count INT;
    BEGIN 
      CREATE TABLE IF NOT EXISTS budapest_weather (
        id SERIAL PRIMARY KEY,
        date TEXT NOT NULL,
        apparent_temperature FLOAT
      );

      record_count = (SELECT COUNT(*) FROM budapest_weather);
      IF record_count >= 168 THEN
        DROP TABLE budapest_weather;
        RAISE NOTICE "we just cleard the past 7 days"

        CREATE TABLE budapest_weather (
          id SERIAL PRIMARY KEY,
          date TEXT NOT NULL,
          apparent_temperature FLOAT
        );
      END IF;

    END $$;
    , parameters: None
[2025-03-13T13:33:14.046+0000] {taskinstance.py:3313} ERROR - Task failed with exception
Traceback (most recent call last):
  File "/home/airflow/.local/lib/python3.12/site-packages/airflow/models/taskinstance.py", line 768, in _execute_task
    result = _execute_callable(context=context, **execute_callable_kwargs)
             ^^^^^^^^^^^^^^^^^^^^^^^^^^^^^^^^^^^^^^^^^^^^^^^^^^^^^^^^^^^^^
  File "/home/airflow/.local/lib/python3.12/site-packages/airflow/models/taskinstance.py", line 734, in _execute_callable
    return ExecutionCallableRunner(
           ^^^^^^^^^^^^^^^^^^^^^^^^
  File "/home/airflow/.local/lib/python3.12/site-packages/airflow/utils/operator_helpers.py", line 252, in run
    return self.func(*args, **kwargs)
           ^^^^^^^^^^^^^^^^^^^^^^^^^^
  File "/home/airflow/.local/lib/python3.12/site-packages/airflow/models/baseoperator.py", line 424, in wrapper
    return func(self, *args, **kwargs)
           ^^^^^^^^^^^^^^^^^^^^^^^^^^^
  File "/home/airflow/.local/lib/python3.12/site-packages/airflow/decorators/base.py", line 266, in execute
    return_value = super().execute(context)
                   ^^^^^^^^^^^^^^^^^^^^^^^^
  File "/home/airflow/.local/lib/python3.12/site-packages/airflow/models/baseoperator.py", line 424, in wrapper
    return func(self, *args, **kwargs)
           ^^^^^^^^^^^^^^^^^^^^^^^^^^^
  File "/home/airflow/.local/lib/python3.12/site-packages/airflow/operators/python.py", line 238, in execute
    return_value = self.execute_callable()
                   ^^^^^^^^^^^^^^^^^^^^^^^
  File "/home/airflow/.local/lib/python3.12/site-packages/airflow/operators/python.py", line 256, in execute_callable
    return runner.run(*self.op_args, **self.op_kwargs)
           ^^^^^^^^^^^^^^^^^^^^^^^^^^^^^^^^^^^^^^^^^^^
  File "/home/airflow/.local/lib/python3.12/site-packages/airflow/utils/operator_helpers.py", line 252, in run
    return self.func(*args, **kwargs)
           ^^^^^^^^^^^^^^^^^^^^^^^^^^
  File "/opt/airflow/dags/budapest_weather_email.py", line 93, in create_table
    hook.run(create_sql)
  File "/home/airflow/.local/lib/python3.12/site-packages/airflow/providers/common/sql/hooks/sql.py", line 467, in run
    self._run_command(cur, sql_statement, parameters)
  File "/home/airflow/.local/lib/python3.12/site-packages/airflow/providers/common/sql/hooks/sql.py", line 516, in _run_command
    cur.execute(sql_statement)
psycopg2.errors.UndefinedObject: unrecognized exception condition "we just cleard the past 7 days"
CONTEXT:  compilation of PL/pgSQL function "inline_code_block" near line 14

[2025-03-13T13:33:14.085+0000] {logging_mixin.py:190} INFO - Task instance in failure state
[2025-03-13T13:33:14.086+0000] {logging_mixin.py:190} INFO - Task start:2025-03-13 13:33:13.559743+00:00 end:2025-03-13 13:33:14.084685+00:00 duration:0.524942
[2025-03-13T13:33:14.087+0000] {logging_mixin.py:190} INFO - Task:<Task(_PythonDecoratedOperator): create_table> dag:<DAG: budapest_weather_email> dagrun:<DagRun budapest_weather_email @ 2025-03-11 22:16:33.319975+00:00: manual__2025-03-11T22:16:33.319975+00:00, state:running, queued_at: 2025-03-13 13:33:05.180344+00:00. externally triggered: True>
[2025-03-13T13:33:14.089+0000] {logging_mixin.py:190} INFO - Failure caused by unrecognized exception condition "we just cleard the past 7 days"
CONTEXT:  compilation of PL/pgSQL function "inline_code_block" near line 14
[2025-03-13T13:33:14.090+0000] {taskinstance.py:1226} INFO - Marking task as FAILED. dag_id=budapest_weather_email, task_id=create_table, run_id=manual__2025-03-11T22:16:33.319975+00:00, execution_date=20250311T221633, start_date=20250313T133313, end_date=20250313T133314
[2025-03-13T13:33:14.146+0000] {taskinstance.py:341} INFO - ::group::Post task execution logs
[2025-03-13T13:33:14.148+0000] {standard_task_runner.py:124} ERROR - Failed to execute job 97 for task create_table (unrecognized exception condition "we just cleard the past 7 days"
CONTEXT:  compilation of PL/pgSQL function "inline_code_block" near line 14
; 927)
Traceback (most recent call last):
  File "/home/airflow/.local/lib/python3.12/site-packages/airflow/task/task_runner/standard_task_runner.py", line 117, in _start_by_fork
    ret = args.func(args, dag=self.dag)
          ^^^^^^^^^^^^^^^^^^^^^^^^^^^^^
  File "/home/airflow/.local/lib/python3.12/site-packages/airflow/cli/cli_config.py", line 49, in command
    return func(*args, **kwargs)
           ^^^^^^^^^^^^^^^^^^^^^
  File "/home/airflow/.local/lib/python3.12/site-packages/airflow/utils/cli.py", line 116, in wrapper
    return f(*args, **kwargs)
           ^^^^^^^^^^^^^^^^^^
  File "/home/airflow/.local/lib/python3.12/site-packages/airflow/cli/commands/task_command.py", line 483, in task_run
    task_return_code = _run_task_by_selected_method(args, _dag, ti)
                       ^^^^^^^^^^^^^^^^^^^^^^^^^^^^^^^^^^^^^^^^^^^^
  File "/home/airflow/.local/lib/python3.12/site-packages/airflow/cli/commands/task_command.py", line 256, in _run_task_by_selected_method
    return _run_raw_task(args, ti)
           ^^^^^^^^^^^^^^^^^^^^^^^
  File "/home/airflow/.local/lib/python3.12/site-packages/airflow/cli/commands/task_command.py", line 341, in _run_raw_task
    return ti._run_raw_task(
           ^^^^^^^^^^^^^^^^^
  File "/home/airflow/.local/lib/python3.12/site-packages/airflow/utils/session.py", line 97, in wrapper
    return func(*args, session=session, **kwargs)
           ^^^^^^^^^^^^^^^^^^^^^^^^^^^^^^^^^^^^^^
  File "/home/airflow/.local/lib/python3.12/site-packages/airflow/models/taskinstance.py", line 3006, in _run_raw_task
    return _run_raw_task(
           ^^^^^^^^^^^^^^
  File "/home/airflow/.local/lib/python3.12/site-packages/airflow/models/taskinstance.py", line 274, in _run_raw_task
    TaskInstance._execute_task_with_callbacks(
  File "/home/airflow/.local/lib/python3.12/site-packages/airflow/models/taskinstance.py", line 3161, in _execute_task_with_callbacks
    result = self._execute_task(context, task_orig)
             ^^^^^^^^^^^^^^^^^^^^^^^^^^^^^^^^^^^^^^
  File "/home/airflow/.local/lib/python3.12/site-packages/airflow/models/taskinstance.py", line 3185, in _execute_task
    return _execute_task(self, context, task_orig)
           ^^^^^^^^^^^^^^^^^^^^^^^^^^^^^^^^^^^^^^^
  File "/home/airflow/.local/lib/python3.12/site-packages/airflow/models/taskinstance.py", line 768, in _execute_task
    result = _execute_callable(context=context, **execute_callable_kwargs)
             ^^^^^^^^^^^^^^^^^^^^^^^^^^^^^^^^^^^^^^^^^^^^^^^^^^^^^^^^^^^^^
  File "/home/airflow/.local/lib/python3.12/site-packages/airflow/models/taskinstance.py", line 734, in _execute_callable
    return ExecutionCallableRunner(
           ^^^^^^^^^^^^^^^^^^^^^^^^
  File "/home/airflow/.local/lib/python3.12/site-packages/airflow/utils/operator_helpers.py", line 252, in run
    return self.func(*args, **kwargs)
           ^^^^^^^^^^^^^^^^^^^^^^^^^^
  File "/home/airflow/.local/lib/python3.12/site-packages/airflow/models/baseoperator.py", line 424, in wrapper
    return func(self, *args, **kwargs)
           ^^^^^^^^^^^^^^^^^^^^^^^^^^^
  File "/home/airflow/.local/lib/python3.12/site-packages/airflow/decorators/base.py", line 266, in execute
    return_value = super().execute(context)
                   ^^^^^^^^^^^^^^^^^^^^^^^^
  File "/home/airflow/.local/lib/python3.12/site-packages/airflow/models/baseoperator.py", line 424, in wrapper
    return func(self, *args, **kwargs)
           ^^^^^^^^^^^^^^^^^^^^^^^^^^^
  File "/home/airflow/.local/lib/python3.12/site-packages/airflow/operators/python.py", line 238, in execute
    return_value = self.execute_callable()
                   ^^^^^^^^^^^^^^^^^^^^^^^
  File "/home/airflow/.local/lib/python3.12/site-packages/airflow/operators/python.py", line 256, in execute_callable
    return runner.run(*self.op_args, **self.op_kwargs)
           ^^^^^^^^^^^^^^^^^^^^^^^^^^^^^^^^^^^^^^^^^^^
  File "/home/airflow/.local/lib/python3.12/site-packages/airflow/utils/operator_helpers.py", line 252, in run
    return self.func(*args, **kwargs)
           ^^^^^^^^^^^^^^^^^^^^^^^^^^
  File "/opt/airflow/dags/budapest_weather_email.py", line 93, in create_table
    hook.run(create_sql)
  File "/home/airflow/.local/lib/python3.12/site-packages/airflow/providers/common/sql/hooks/sql.py", line 467, in run
    self._run_command(cur, sql_statement, parameters)
  File "/home/airflow/.local/lib/python3.12/site-packages/airflow/providers/common/sql/hooks/sql.py", line 516, in _run_command
    cur.execute(sql_statement)
psycopg2.errors.UndefinedObject: unrecognized exception condition "we just cleard the past 7 days"
CONTEXT:  compilation of PL/pgSQL function "inline_code_block" near line 14

[2025-03-13T13:33:14.220+0000] {local_task_job_runner.py:266} INFO - Task exited with return code 1
[2025-03-13T13:33:14.273+0000] {taskinstance.py:3901} INFO - 0 downstream tasks scheduled from follow-on schedule check
[2025-03-13T13:33:14.282+0000] {local_task_job_runner.py:245} INFO - ::endgroup::
