[2025-03-13T13:36:14.541+0000] {local_task_job_runner.py:123} INFO - ::group::Pre task execution logs
[2025-03-13T13:36:14.579+0000] {taskinstance.py:2614} INFO - Dependencies all met for dep_context=non-requeueable deps ti=<TaskInstance: budapest_weather_email.create_table manual__2025-03-11T22:16:33.319975+00:00 [queued]>
[2025-03-13T13:36:14.599+0000] {taskinstance.py:2614} INFO - Dependencies all met for dep_context=requeueable deps ti=<TaskInstance: budapest_weather_email.create_table manual__2025-03-11T22:16:33.319975+00:00 [queued]>
[2025-03-13T13:36:14.600+0000] {taskinstance.py:2867} INFO - Starting attempt 11 of 11
[2025-03-13T13:36:14.632+0000] {taskinstance.py:2890} INFO - Executing <Task(_PythonDecoratedOperator): create_table> on 2025-03-11 22:16:33.319975+00:00
[2025-03-13T13:36:14.652+0000] {warnings.py:112} WARNING - /home/***/.local/lib/python3.12/site-packages/***/task/task_runner/standard_task_runner.py:70: DeprecationWarning: This process (pid=986) is multi-threaded, use of fork() may lead to deadlocks in the child.
  pid = os.fork()

[2025-03-13T13:36:14.658+0000] {standard_task_runner.py:72} INFO - Started process 990 to run task
[2025-03-13T13:36:14.658+0000] {standard_task_runner.py:104} INFO - Running: ['***', 'tasks', 'run', 'budapest_weather_email', 'create_table', 'manual__2025-03-11T22:16:33.319975+00:00', '--job-id', '105', '--raw', '--subdir', 'DAGS_FOLDER/budapest_weather_email.py', '--cfg-path', '/tmp/tmple_0w9y2']
[2025-03-13T13:36:14.661+0000] {standard_task_runner.py:105} INFO - Job 105: Subtask create_table
[2025-03-13T13:36:14.771+0000] {task_command.py:467} INFO - Running <TaskInstance: budapest_weather_email.create_table manual__2025-03-11T22:16:33.319975+00:00 [running]> on host c38876581fe7
[2025-03-13T13:36:15.008+0000] {taskinstance.py:3134} INFO - Exporting env vars: AIRFLOW_CTX_DAG_OWNER='***' AIRFLOW_CTX_DAG_ID='budapest_weather_email' AIRFLOW_CTX_TASK_ID='create_table' AIRFLOW_CTX_EXECUTION_DATE='2025-03-11T22:16:33.319975+00:00' AIRFLOW_CTX_TRY_NUMBER='11' AIRFLOW_CTX_DAG_RUN_ID='manual__2025-03-11T22:16:33.319975+00:00'
[2025-03-13T13:36:15.011+0000] {logging_mixin.py:190} INFO - Task instance is in running state
[2025-03-13T13:36:15.012+0000] {logging_mixin.py:190} INFO -  Previous state of the Task instance: queued
[2025-03-13T13:36:15.013+0000] {logging_mixin.py:190} INFO - Current task name:create_table state:running start_date:2025-03-13 13:36:14.580132+00:00
[2025-03-13T13:36:15.014+0000] {logging_mixin.py:190} INFO - Dag name:budapest_weather_email and current dag run status:running
[2025-03-13T13:36:15.015+0000] {taskinstance.py:732} INFO - ::endgroup::
[2025-03-13T13:36:15.036+0000] {base.py:84} INFO - Retrieving connection 'weather_connect'
[2025-03-13T13:36:15.046+0000] {sql.py:511} INFO - Running statement: 
    DO $$
    DECLARE 
      record_count INT;
    BEGIN 
      CREATE TABLE IF NOT EXISTS budapest_weather (
        id SERIAL PRIMARY KEY,
        date TEXT NOT NULL,
        apparent_temperature FLOAT
      );

      record_count = (SELECT COUNT(*) FROM budapest_weather);
      IF record_count >= 168 THEN
        DROP TABLE budapest_weather;
        RAISE NOTICE 'we just cleard the past 7 days';

        CREATE TABLE budapest_weather (
          id SERIAL PRIMARY KEY,
          date TEXT NOT NULL,
          apparent_temperature FLOAT
        );
      END IF;

    END $$;
    , parameters: None
[2025-03-13T13:36:15.056+0000] {python.py:240} INFO - Done. Returned value was: Table created
[2025-03-13T13:36:15.101+0000] {taskinstance.py:341} INFO - ::group::Post task execution logs
[2025-03-13T13:36:15.102+0000] {taskinstance.py:353} INFO - Marking task as SUCCESS. dag_id=budapest_weather_email, task_id=create_table, run_id=manual__2025-03-11T22:16:33.319975+00:00, execution_date=20250311T221633, start_date=20250313T133614, end_date=20250313T133615
[2025-03-13T13:36:15.153+0000] {logging_mixin.py:190} INFO - Task instance in success state
[2025-03-13T13:36:15.156+0000] {logging_mixin.py:190} INFO -  Previous state of the Task instance: running
[2025-03-13T13:36:15.157+0000] {logging_mixin.py:190} INFO - Dag name:budapest_weather_email queued_at:2025-03-13 13:36:09.284210+00:00
[2025-03-13T13:36:15.158+0000] {logging_mixin.py:190} INFO - Task hostname:c38876581fe7 operator:_PythonDecoratedOperator
[2025-03-13T13:36:15.199+0000] {local_task_job_runner.py:266} INFO - Task exited with return code 0
[2025-03-13T13:36:15.263+0000] {taskinstance.py:3901} INFO - 0 downstream tasks scheduled from follow-on schedule check
[2025-03-13T13:36:15.266+0000] {local_task_job_runner.py:245} INFO - ::endgroup::
