[2025-03-11T17:54:58.103+0000] {local_task_job_runner.py:123} INFO - ::group::Pre task execution logs
[2025-03-11T17:54:58.128+0000] {taskinstance.py:2614} INFO - Dependencies all met for dep_context=non-requeueable deps ti=<TaskInstance: dag_python_dependency_v01.get_lib manual__2025-03-11T17:54:53.009705+00:00 [queued]>
[2025-03-11T17:54:58.137+0000] {taskinstance.py:2614} INFO - Dependencies all met for dep_context=requeueable deps ti=<TaskInstance: dag_python_dependency_v01.get_lib manual__2025-03-11T17:54:53.009705+00:00 [queued]>
[2025-03-11T17:54:58.138+0000] {taskinstance.py:2867} INFO - Starting attempt 1 of 1
[2025-03-11T17:54:58.154+0000] {taskinstance.py:2890} INFO - Executing <Task(PythonOperator): get_lib> on 2025-03-11 17:54:53.009705+00:00
[2025-03-11T17:54:58.164+0000] {warnings.py:112} WARNING - /home/***/.local/lib/python3.12/site-packages/***/task/task_runner/standard_task_runner.py:70: DeprecationWarning: This process (pid=141) is multi-threaded, use of fork() may lead to deadlocks in the child.
  pid = os.fork()

[2025-03-11T17:54:58.167+0000] {standard_task_runner.py:72} INFO - Started process 147 to run task
[2025-03-11T17:54:58.167+0000] {standard_task_runner.py:104} INFO - Running: ['***', 'tasks', 'run', 'dag_python_dependency_v01', 'get_lib', 'manual__2025-03-11T17:54:53.009705+00:00', '--job-id', '3', '--raw', '--subdir', 'DAGS_FOLDER/dag_python_dependencies.py', '--cfg-path', '/tmp/tmp5asmbna_']
[2025-03-11T17:54:58.169+0000] {standard_task_runner.py:105} INFO - Job 3: Subtask get_lib
[2025-03-11T17:54:58.900+0000] {task_command.py:467} INFO - Running <TaskInstance: dag_python_dependency_v01.get_lib manual__2025-03-11T17:54:53.009705+00:00 [running]> on host cb089193e8dc
[2025-03-11T17:54:58.993+0000] {taskinstance.py:3134} INFO - Exporting env vars: AIRFLOW_CTX_DAG_OWNER='gabe' AIRFLOW_CTX_DAG_ID='dag_python_dependency_v01' AIRFLOW_CTX_TASK_ID='get_lib' AIRFLOW_CTX_EXECUTION_DATE='2025-03-11T17:54:53.009705+00:00' AIRFLOW_CTX_TRY_NUMBER='1' AIRFLOW_CTX_DAG_RUN_ID='manual__2025-03-11T17:54:53.009705+00:00'
[2025-03-11T17:54:58.994+0000] {logging_mixin.py:190} INFO - Task instance is in running state
[2025-03-11T17:54:58.995+0000] {logging_mixin.py:190} INFO -  Previous state of the Task instance: queued
[2025-03-11T17:54:58.995+0000] {logging_mixin.py:190} INFO - Current task name:get_lib state:running start_date:2025-03-11 17:54:58.128908+00:00
[2025-03-11T17:54:58.995+0000] {logging_mixin.py:190} INFO - Dag name:dag_python_dependency_v01 and current dag run status:running
[2025-03-11T17:54:58.996+0000] {taskinstance.py:732} INFO - ::endgroup::
[2025-03-11T17:54:59.010+0000] {taskinstance.py:3313} ERROR - Task failed with exception
Traceback (most recent call last):
  File "/home/airflow/.local/lib/python3.12/site-packages/airflow/models/taskinstance.py", line 768, in _execute_task
    result = _execute_callable(context=context, **execute_callable_kwargs)
             ^^^^^^^^^^^^^^^^^^^^^^^^^^^^^^^^^^^^^^^^^^^^^^^^^^^^^^^^^^^^^
  File "/home/airflow/.local/lib/python3.12/site-packages/airflow/models/taskinstance.py", line 734, in _execute_callable
    return ExecutionCallableRunner(
           ^^^^^^^^^^^^^^^^^^^^^^^^
  File "/home/airflow/.local/lib/python3.12/site-packages/airflow/utils/operator_helpers.py", line 252, in run
    return self.func(*args, **kwargs)
           ^^^^^^^^^^^^^^^^^^^^^^^^^^
  File "/home/airflow/.local/lib/python3.12/site-packages/airflow/models/baseoperator.py", line 424, in wrapper
    return func(self, *args, **kwargs)
           ^^^^^^^^^^^^^^^^^^^^^^^^^^^
  File "/home/airflow/.local/lib/python3.12/site-packages/airflow/operators/python.py", line 238, in execute
    return_value = self.execute_callable()
                   ^^^^^^^^^^^^^^^^^^^^^^^
  File "/home/airflow/.local/lib/python3.12/site-packages/airflow/operators/python.py", line 256, in execute_callable
    return runner.run(*self.op_args, **self.op_kwargs)
           ^^^^^^^^^^^^^^^^^^^^^^^^^^^^^^^^^^^^^^^^^^^
  File "/home/airflow/.local/lib/python3.12/site-packages/airflow/utils/operator_helpers.py", line 252, in run
    return self.func(*args, **kwargs)
           ^^^^^^^^^^^^^^^^^^^^^^^^^^
  File "/opt/airflow/dags/dag_python_dependencies.py", line 15, in get_lib
    print(f"package with version {openmeteo_requests.__version__}")
                                  ^^^^^^^^^^^^^^^^^^^^^^^^^^^^^^
AttributeError: module 'openmeteo_requests' has no attribute '__version__'
[2025-03-11T17:54:59.026+0000] {logging_mixin.py:190} INFO - Task instance in failure state
[2025-03-11T17:54:59.027+0000] {logging_mixin.py:190} INFO - Task start:2025-03-11 17:54:58.128908+00:00 end:2025-03-11 17:54:59.026101+00:00 duration:0.897193
[2025-03-11T17:54:59.027+0000] {logging_mixin.py:190} INFO - Task:<Task(PythonOperator): get_lib> dag:<DAG: dag_python_dependency_v01> dagrun:<DagRun dag_python_dependency_v01 @ 2025-03-11 17:54:53.009705+00:00: manual__2025-03-11T17:54:53.009705+00:00, state:running, queued_at: 2025-03-11 17:54:53.049888+00:00. externally triggered: True>
[2025-03-11T17:54:59.028+0000] {logging_mixin.py:190} INFO - Failure caused by module 'openmeteo_requests' has no attribute '__version__'
[2025-03-11T17:54:59.028+0000] {taskinstance.py:1226} INFO - Marking task as FAILED. dag_id=dag_python_dependency_v01, task_id=get_lib, run_id=manual__2025-03-11T17:54:53.009705+00:00, execution_date=20250311T175453, start_date=20250311T175458, end_date=20250311T175459
[2025-03-11T17:54:59.072+0000] {taskinstance.py:341} INFO - ::group::Post task execution logs
[2025-03-11T17:54:59.072+0000] {standard_task_runner.py:124} ERROR - Failed to execute job 3 for task get_lib (module 'openmeteo_requests' has no attribute '__version__'; 147)
Traceback (most recent call last):
  File "/home/airflow/.local/lib/python3.12/site-packages/airflow/task/task_runner/standard_task_runner.py", line 117, in _start_by_fork
    ret = args.func(args, dag=self.dag)
          ^^^^^^^^^^^^^^^^^^^^^^^^^^^^^
  File "/home/airflow/.local/lib/python3.12/site-packages/airflow/cli/cli_config.py", line 49, in command
    return func(*args, **kwargs)
           ^^^^^^^^^^^^^^^^^^^^^
  File "/home/airflow/.local/lib/python3.12/site-packages/airflow/utils/cli.py", line 116, in wrapper
    return f(*args, **kwargs)
           ^^^^^^^^^^^^^^^^^^
  File "/home/airflow/.local/lib/python3.12/site-packages/airflow/cli/commands/task_command.py", line 483, in task_run
    task_return_code = _run_task_by_selected_method(args, _dag, ti)
                       ^^^^^^^^^^^^^^^^^^^^^^^^^^^^^^^^^^^^^^^^^^^^
  File "/home/airflow/.local/lib/python3.12/site-packages/airflow/cli/commands/task_command.py", line 256, in _run_task_by_selected_method
    return _run_raw_task(args, ti)
           ^^^^^^^^^^^^^^^^^^^^^^^
  File "/home/airflow/.local/lib/python3.12/site-packages/airflow/cli/commands/task_command.py", line 341, in _run_raw_task
    return ti._run_raw_task(
           ^^^^^^^^^^^^^^^^^
  File "/home/airflow/.local/lib/python3.12/site-packages/airflow/utils/session.py", line 97, in wrapper
    return func(*args, session=session, **kwargs)
           ^^^^^^^^^^^^^^^^^^^^^^^^^^^^^^^^^^^^^^
  File "/home/airflow/.local/lib/python3.12/site-packages/airflow/models/taskinstance.py", line 3006, in _run_raw_task
    return _run_raw_task(
           ^^^^^^^^^^^^^^
  File "/home/airflow/.local/lib/python3.12/site-packages/airflow/models/taskinstance.py", line 274, in _run_raw_task
    TaskInstance._execute_task_with_callbacks(
  File "/home/airflow/.local/lib/python3.12/site-packages/airflow/models/taskinstance.py", line 3161, in _execute_task_with_callbacks
    result = self._execute_task(context, task_orig)
             ^^^^^^^^^^^^^^^^^^^^^^^^^^^^^^^^^^^^^^
  File "/home/airflow/.local/lib/python3.12/site-packages/airflow/models/taskinstance.py", line 3185, in _execute_task
    return _execute_task(self, context, task_orig)
           ^^^^^^^^^^^^^^^^^^^^^^^^^^^^^^^^^^^^^^^
  File "/home/airflow/.local/lib/python3.12/site-packages/airflow/models/taskinstance.py", line 768, in _execute_task
    result = _execute_callable(context=context, **execute_callable_kwargs)
             ^^^^^^^^^^^^^^^^^^^^^^^^^^^^^^^^^^^^^^^^^^^^^^^^^^^^^^^^^^^^^
  File "/home/airflow/.local/lib/python3.12/site-packages/airflow/models/taskinstance.py", line 734, in _execute_callable
    return ExecutionCallableRunner(
           ^^^^^^^^^^^^^^^^^^^^^^^^
  File "/home/airflow/.local/lib/python3.12/site-packages/airflow/utils/operator_helpers.py", line 252, in run
    return self.func(*args, **kwargs)
           ^^^^^^^^^^^^^^^^^^^^^^^^^^
  File "/home/airflow/.local/lib/python3.12/site-packages/airflow/models/baseoperator.py", line 424, in wrapper
    return func(self, *args, **kwargs)
           ^^^^^^^^^^^^^^^^^^^^^^^^^^^
  File "/home/airflow/.local/lib/python3.12/site-packages/airflow/operators/python.py", line 238, in execute
    return_value = self.execute_callable()
                   ^^^^^^^^^^^^^^^^^^^^^^^
  File "/home/airflow/.local/lib/python3.12/site-packages/airflow/operators/python.py", line 256, in execute_callable
    return runner.run(*self.op_args, **self.op_kwargs)
           ^^^^^^^^^^^^^^^^^^^^^^^^^^^^^^^^^^^^^^^^^^^
  File "/home/airflow/.local/lib/python3.12/site-packages/airflow/utils/operator_helpers.py", line 252, in run
    return self.func(*args, **kwargs)
           ^^^^^^^^^^^^^^^^^^^^^^^^^^
  File "/opt/airflow/dags/dag_python_dependencies.py", line 15, in get_lib
    print(f"package with version {openmeteo_requests.__version__}")
                                  ^^^^^^^^^^^^^^^^^^^^^^^^^^^^^^
AttributeError: module 'openmeteo_requests' has no attribute '__version__'
[2025-03-11T17:54:59.105+0000] {local_task_job_runner.py:266} INFO - Task exited with return code 1
[2025-03-11T17:54:59.333+0000] {taskinstance.py:3901} INFO - 0 downstream tasks scheduled from follow-on schedule check
[2025-03-11T17:54:59.336+0000] {local_task_job_runner.py:245} INFO - ::endgroup::
